27-09-2022 12:42:34.851 [Gauge] [INFO] Initializing concepts cache with 0 concepts
27-09-2022 12:42:34.853 [Gauge] [INFO] Initializing specs cache with 1 specs
27-09-2022 12:42:34.853 [Gauge] [DEBUG] Adding specs from c:\Gauge\gauge-maven\gauge-maven-selProject\specs\example.spec
27-09-2022 12:42:34.853 [Gauge] [INFO] Initializing steps cache with 1 steps
27-09-2022 12:42:34.854 [Gauge] [INFO] Starting language runner
27-09-2022 12:42:34.891 [Gauge] [DEBUG] Watching directory: c:\Gauge\gauge-maven\gauge-maven-selProject\specs
27-09-2022 12:42:34.891 [Gauge] [DEBUG] Found 1 files
27-09-2022 12:42:34.897 [java] [DEBUG] ***** Printing Properties/Env Values *****
27-09-2022 12:42:34.897 [java] [DEBUG] PATH: C:\Program Files\Gauge\bin;C:\Program Files\Eclipse Adoptium\jdk-17.0.3.7-hotspot\bin;C:\Program Files (x86)\Common Files\Oracle\Java\javapath;C:\Program Files\Intel\iCLS Client\;C:\WINDOWS\system32;C:\WINDOWS;C:\WINDOWS\System32\Wbem;C:\WINDOWS\System32\WindowsPowerShell\v1.0\;C:\Program Files\TortoiseSVN\bin;C:\WINDOWS\System32\OpenSSH\;C:\Program Files\Intel\WiFi\bin\;C:\Program Files\Common Files\Intel\WirelessCommon\;C:\Program Files\dotnet\;C:\Program Files (x86)\Intel\Intel(R) Management Engine Components\DAL;C:\Program Files\Intel\Intel(R) Management Engine Components\DAL;C:\Program Files\Microsoft SQL Server\130\Tools\Binn\;C:\Program Files\Microsoft SQL Server\Client SDK\ODBC\170\Tools\Binn\;C:\Program Files\Java\jdk1.8.0_251\bin;C:\ProgramData\chocolatey\bin;C:\Program Files\Git\cmd;C:\Selenium\Files\apache-maven-3.8.6-bin\apache-maven-3.8.6\bin;C:\Users\nesbine.akhter\AppData\Local\Microsoft\WindowsApps;C:\Users\nesbine.akhter\.dotnet\tools;C:\Users\nesbine.akhter\AppData\Local\Programs\Microsoft VS Code\bin;C:\Users\nesbine.akhter\AppData\Local\GitHubDesktop\bin;C:\Users\nesbine.akhter\AppData\Roaming\gauge\plugins\screenshot\0.1.0
27-09-2022 12:42:34.898 [java] [DEBUG] JAVA_HOME: C:\Program Files\Java\jdk1.8.0_251
27-09-2022 12:42:34.898 [java] [DEBUG] gauge_project_root: c:\Gauge\gauge-maven\gauge-maven-selProject
27-09-2022 12:42:34.898 [java] [DEBUG] gauge_parallel_streams_count: 
27-09-2022 12:42:34.898 [java] [DEBUG] gauge_reports_dir: reports
27-09-2022 12:42:34.898 [java] [DEBUG] overwrite_reports: true
27-09-2022 12:42:34.898 [java] [DEBUG] logs_directory: logs
27-09-2022 12:42:34.898 [java] [DEBUG] enable_multithreading: false
27-09-2022 12:42:34.898 [java] [DEBUG] gauge_specs_dir: specs
27-09-2022 12:42:34.898 [java] [DEBUG] csv_delimiter: ,
27-09-2022 12:42:34.898 [java] [DEBUG] gauge_java_home: 
27-09-2022 12:42:34.898 [java] [DEBUG] gauge_custom_build_path: 
27-09-2022 12:42:34.898 [java] [DEBUG] gauge_additional_libs: libs/*
27-09-2022 12:42:34.898 [java] [DEBUG] gauge_jvm_args: 
27-09-2022 12:42:34.898 [java] [DEBUG] gauge_custom_compile_dir: 
27-09-2022 12:42:34.898 [java] [DEBUG] gauge_clear_state_level: scenario
27-09-2022 12:42:34.898 [java] [DEBUG] ***** END *****
27-09-2022 12:42:45.743 [Gauge] [INFO] Initializing concepts cache with 0 concepts
27-09-2022 12:42:45.744 [Gauge] [INFO] Initializing specs cache with 1 specs
27-09-2022 12:42:45.744 [Gauge] [DEBUG] Adding specs from c:\Gauge\gauge-maven\gauge-maven-selProject\specs\example.spec
27-09-2022 12:42:45.744 [Gauge] [INFO] Initializing steps cache with 1 steps
27-09-2022 12:42:45.745 [Gauge] [INFO] Starting language runner
27-09-2022 12:42:45.782 [Gauge] [DEBUG] Watching directory: c:\Gauge\gauge-maven\gauge-maven-selProject\specs
27-09-2022 12:42:45.783 [Gauge] [DEBUG] Found 1 files
27-09-2022 12:42:45.804 [java] [DEBUG] ***** Printing Properties/Env Values *****
27-09-2022 12:42:45.804 [java] [DEBUG] PATH: C:\Program Files\Gauge\bin;C:\Program Files\Eclipse Adoptium\jdk-17.0.3.7-hotspot\bin;C:\Program Files (x86)\Common Files\Oracle\Java\javapath;C:\Program Files\Intel\iCLS Client\;C:\WINDOWS\system32;C:\WINDOWS;C:\WINDOWS\System32\Wbem;C:\WINDOWS\System32\WindowsPowerShell\v1.0\;C:\Program Files\TortoiseSVN\bin;C:\WINDOWS\System32\OpenSSH\;C:\Program Files\Intel\WiFi\bin\;C:\Program Files\Common Files\Intel\WirelessCommon\;C:\Program Files\dotnet\;C:\Program Files (x86)\Intel\Intel(R) Management Engine Components\DAL;C:\Program Files\Intel\Intel(R) Management Engine Components\DAL;C:\Program Files\Microsoft SQL Server\130\Tools\Binn\;C:\Program Files\Microsoft SQL Server\Client SDK\ODBC\170\Tools\Binn\;C:\Program Files\Java\jdk1.8.0_251\bin;C:\ProgramData\chocolatey\bin;C:\Program Files\Git\cmd;C:\Selenium\Files\apache-maven-3.8.6-bin\apache-maven-3.8.6\bin;C:\Users\nesbine.akhter\AppData\Local\Microsoft\WindowsApps;C:\Users\nesbine.akhter\.dotnet\tools;C:\Users\nesbine.akhter\AppData\Local\Programs\Microsoft VS Code\bin;C:\Users\nesbine.akhter\AppData\Local\GitHubDesktop\bin;C:\Users\nesbine.akhter\AppData\Roaming\gauge\plugins\screenshot\0.1.0
27-09-2022 12:42:45.804 [java] [DEBUG] JAVA_HOME: C:\Program Files\Java\jdk1.8.0_251
27-09-2022 12:42:45.804 [java] [DEBUG] gauge_project_root: c:\Gauge\gauge-maven\gauge-maven-selProject
27-09-2022 12:42:45.804 [java] [DEBUG] gauge_parallel_streams_count: 
27-09-2022 12:42:45.804 [java] [DEBUG] gauge_reports_dir: reports
27-09-2022 12:42:45.804 [java] [DEBUG] overwrite_reports: true
27-09-2022 12:42:45.804 [java] [DEBUG] logs_directory: logs
27-09-2022 12:42:45.804 [java] [DEBUG] enable_multithreading: false
27-09-2022 12:42:45.804 [java] [DEBUG] gauge_specs_dir: specs
27-09-2022 12:42:45.804 [java] [DEBUG] csv_delimiter: ,
27-09-2022 12:42:45.804 [java] [DEBUG] gauge_java_home: 
27-09-2022 12:42:45.804 [java] [DEBUG] gauge_custom_build_path: 
27-09-2022 12:42:45.804 [java] [DEBUG] gauge_additional_libs: libs/*
27-09-2022 12:42:45.804 [java] [DEBUG] gauge_jvm_args: 
27-09-2022 12:42:45.804 [java] [DEBUG] gauge_custom_compile_dir: 
27-09-2022 12:42:45.804 [java] [DEBUG] gauge_clear_state_level: scenario
27-09-2022 12:42:45.804 [java] [DEBUG] ***** END *****
27-09-2022 12:42:53.333 [java] [ERROR] Installed version of gauge-java (0.9.1) does not match with dependency gauge-java (0.7.15) specified in pom.xml file
27-09-2022 12:42:53.333 [java] [DEBUG] classpath set to c:\Gauge\gauge-maven\gauge-maven-selProject\target\test-classes;c:\Gauge\gauge-maven\gauge-maven-selProject\target\classes;C:\Users\nesbine.akhter\.m2\repository\com\thoughtworks\gauge\gauge-java\0.7.15\gauge-java-0.7.15.jar;C:\Users\nesbine.akhter\.m2\repository\com\github\javaparser\javaparser-core\3.16.3\javaparser-core-3.16.3.jar;C:\Users\nesbine.akhter\.m2\repository\commons-io\commons-io\2.8.0\commons-io-2.8.0.jar;C:\Users\nesbine.akhter\.m2\repository\commons-lang\commons-lang\2.6\commons-lang-2.6.jar;C:\Users\nesbine.akhter\.m2\repository\org\json\json\20210307\json-20210307.jar;C:\Users\nesbine.akhter\.m2\repository\com\google\protobuf\protobuf-java\3.15.8\protobuf-java-3.15.8.jar;C:\Users\nesbine.akhter\.m2\repository\com\google\guava\guava\30.1.1-jre\guava-30.1.1-jre.jar;C:\Users\nesbine.akhter\.m2\repository\com\google\guava\failureaccess\1.0.1\failureaccess-1.0.1.jar;C:\Users\nesbine.akhter\.m2\repository\com\google\guava\listenablefuture\9999.0-empty-to-avoid-conflict-with-guava\listenablefuture-9999.0-empty-to-avoid-conflict-with-guava.jar;C:\Users\nesbine.akhter\.m2\repository\com\google\code\findbugs\jsr305\3.0.2\jsr305-3.0.2.jar;C:\Users\nesbine.akhter\.m2\repository\org\checkerframework\checker-qual\3.8.0\checker-qual-3.8.0.jar;C:\Users\nesbine.akhter\.m2\repository\com\google\errorprone\error_prone_annotations\2.5.1\error_prone_annotations-2.5.1.jar;C:\Users\nesbine.akhter\.m2\repository\com\google\j2objc\j2objc-annotations\1.3\j2objc-annotations-1.3.jar;C:\Users\nesbine.akhter\.m2\repository\io\grpc\grpc-netty-shaded\1.37.0\grpc-netty-shaded-1.37.0.jar;C:\Users\nesbine.akhter\.m2\repository\io\grpc\grpc-core\1.37.0\grpc-core-1.37.0.jar;C:\Users\nesbine.akhter\.m2\repository\com\google\android\annotations\4.1.1.4\annotations-4.1.1.4.jar;C:\Users\nesbine.akhter\.m2\repository\io\perfmark\perfmark-api\0.23.0\perfmark-api-0.23.0.jar;C:\Users\nesbine.akhter\.m2\repository\io\grpc\grpc-protobuf\1.37.0\grpc-protobuf-1.37.0.jar;C:\Users\nesbine.akhter\.m2\repository\io\grpc\grpc-api\1.37.0\grpc-api-1.37.0.jar;C:\Users\nesbine.akhter\.m2\repository\io\grpc\grpc-context\1.37.0\grpc-context-1.37.0.jar;C:\Users\nesbine.akhter\.m2\repository\com\google\api\grpc\proto-google-common-protos\2.0.1\proto-google-common-protos-2.0.1.jar;C:\Users\nesbine.akhter\.m2\repository\io\grpc\grpc-protobuf-lite\1.37.0\grpc-protobuf-lite-1.37.0.jar;C:\Users\nesbine.akhter\.m2\repository\org\codehaus\mojo\animal-sniffer-annotations\1.19\animal-sniffer-annotations-1.19.jar;C:\Users\nesbine.akhter\.m2\repository\io\grpc\grpc-stub\1.37.0\grpc-stub-1.37.0.jar;C:\Users\nesbine.akhter\.m2\repository\javax\annotation\javax.annotation-api\1.3.2\javax.annotation-api-1.3.2.jar;C:\Users\nesbine.akhter\.m2\repository\org\assertj\assertj-core\3.19.0\assertj-core-3.19.0.jar;C:\Users\nesbine.akhter\.m2\repository\org\seleniumhq\selenium\selenium-java\3.141.59\selenium-java-3.141.59.jar;C:\Users\nesbine.akhter\.m2\repository\org\seleniumhq\selenium\selenium-api\3.141.59\selenium-api-3.141.59.jar;C:\Users\nesbine.akhter\.m2\repository\org\seleniumhq\selenium\selenium-chrome-driver\3.141.59\selenium-chrome-driver-3.141.59.jar;C:\Users\nesbine.akhter\.m2\repository\org\seleniumhq\selenium\selenium-edge-driver\3.141.59\selenium-edge-driver-3.141.59.jar;C:\Users\nesbine.akhter\.m2\repository\org\seleniumhq\selenium\selenium-firefox-driver\3.141.59\selenium-firefox-driver-3.141.59.jar;C:\Users\nesbine.akhter\.m2\repository\org\seleniumhq\selenium\selenium-ie-driver\3.141.59\selenium-ie-driver-3.141.59.jar;C:\Users\nesbine.akhter\.m2\repository\org\seleniumhq\selenium\selenium-opera-driver\3.141.59\selenium-opera-driver-3.141.59.jar;C:\Users\nesbine.akhter\.m2\repository\org\seleniumhq\selenium\selenium-remote-driver\3.141.59\selenium-remote-driver-3.141.59.jar;C:\Users\nesbine.akhter\.m2\repository\org\seleniumhq\selenium\selenium-safari-driver\3.141.59\selenium-safari-driver-3.141.59.jar;C:\Users\nesbine.akhter\.m2\repository\org\seleniumhq\selenium\selenium-support\3.141.59\selenium-support-3.141.59.jar;C:\Users\nesbine.akhter\.m2\repository\net\bytebuddy\byte-buddy\1.8.15\byte-buddy-1.8.15.jar;C:\Users\nesbine.akhter\.m2\repository\org\apache\commons\commons-exec\1.3\commons-exec-1.3.jar;C:\Users\nesbine.akhter\.m2\repository\com\squareup\okhttp3\okhttp\3.11.0\okhttp-3.11.0.jar;C:\Users\nesbine.akhter\.m2\repository\com\squareup\okio\okio\1.14.0\okio-1.14.0.jar;C:\Users\nesbine.akhter\.m2\repository\io\github\bonigarcia\webdrivermanager\4.4.0\webdrivermanager-4.4.0.jar;C:\Users\nesbine.akhter\.m2\repository\org\slf4j\slf4j-api\1.7.30\slf4j-api-1.7.30.jar;C:\Users\nesbine.akhter\.m2\repository\com\google\code\gson\gson\2.8.6\gson-2.8.6.jar;C:\Users\nesbine.akhter\.m2\repository\org\apache\commons\commons-lang3\3.12.0\commons-lang3-3.12.0.jar;C:\Users\nesbine.akhter\.m2\repository\org\apache\httpcomponents\client5\httpclient5\5.0.3\httpclient5-5.0.3.jar;C:\Users\nesbine.akhter\.m2\repository\org\apache\httpcomponents\core5\httpcore5\5.0.2\httpcore5-5.0.2.jar;C:\Users\nesbine.akhter\.m2\repository\org\apache\httpcomponents\core5\httpcore5-h2\5.0.2\httpcore5-h2-5.0.2.jar;C:\Users\nesbine.akhter\.m2\repository\commons-codec\commons-codec\1.13\commons-codec-1.13.jar;C:\Users\nesbine.akhter\.m2\repository\org\rauschig\jarchivelib\1.1.0\jarchivelib-1.1.0.jar;C:\Users\nesbine.akhter\.m2\repository\org\apache\commons\commons-compress\1.20\commons-compress-1.20.jar;C:\Users\nesbine.akhter\.m2\repository\org\jsoup\jsoup\1.13.1\jsoup-1.13.1.jar;C:\Users\nesbine.akhter\.m2\repository\org\reflections\reflections\0.9.10\reflections-0.9.10.jar;C:\Users\nesbine.akhter\.m2\repository\org\javassist\javassist\3.19.0-GA\javassist-3.19.0-GA.jar;C:\Users\nesbine.akhter\.m2\repository\com\google\code\findbugs\annotations\2.0.1\annotations-2.0.1.jar
27-09-2022 12:42:53.573 [java] [DEBUG] found java executable in C:\Program Files\Java\jdk1.8.0_251\jre\bin\java.exe
27-09-2022 12:42:53.573 [java] [DEBUG] running - C:\Program Files\Java\jdk1.8.0_251\jre\bin\java.exe [-Dfile.encoding=UTF-8 com.thoughtworks.gauge.GaugeRuntime --start]
27-09-2022 12:42:53.573 [java] [DEBUG] stdout/stderr is logged to logs\14572-java.exe.out
27-09-2022 12:42:54.289 [java] [DEBUG] multithreading is set to false
27-09-2022 12:42:55.426 [java] [DEBUG] Using reflection to scan dependencies for gauge implementations...
27-09-2022 12:42:55.645 [java] [ERROR] SLF4J: Failed to load class "org.slf4j.impl.StaticLoggerBinder".
27-09-2022 12:42:55.645 [java] [ERROR] SLF4J: Defaulting to no-operation (NOP) logger implementation
27-09-2022 12:42:55.645 [java] [ERROR] SLF4J: See http://www.slf4j.org/codes.html#StaticLoggerBinder for further details.
27-09-2022 12:42:58.974 [java] [DEBUG] gauge-java took 4680milliseconds to load and scan. This should be less than 'runner_connection_timeout' config value.
27-09-2022 12:42:58.974 [java] [DEBUG] run 'gauge config runner_connection_timeout' and verify that it is < 4680
27-09-2022 12:42:58.974 [java] [DEBUG] starting gRPC server...
27-09-2022 12:43:00.318 [java] [DEBUG] started gRPC server on port 61491
27-09-2022 12:43:00.338 [Gauge] [DEBUG] Attempting to connect to grpc server at port: 61491
27-09-2022 12:43:00.679 [Gauge] [DEBUG] Successfully made the connection with runner with port: 61491
27-09-2022 12:43:00.679 [Gauge] [INFO] LangServer: reading on stdin, writing on stdout
27-09-2022 12:43:01.037 [Gauge] [DEBUG] Validation started.
27-09-2022 12:43:01.293 [java] [DEBUG] Scanning packages for steps
27-09-2022 12:43:01.301 [java] [DEBUG] Scanning packages for hooks
27-09-2022 12:43:01.312 [java] [DEBUG] Scanned steps (using static parsing + reflections): 
27-09-2022 12:43:01.312 [java] [DEBUG] 	Open the Gauge homepage : public void implementation1()
27-09-2022 12:43:01.312 [java] [DEBUG] 	Go to Gauge Get Started Page : public void gotoGetStartedPage() throws InterruptedException
27-09-2022 12:43:01.312 [java] [DEBUG] 	Ensure installation instructions are available : public void ensureInstallationInstructionsAreAvailable() throws InterruptedException
27-09-2022 12:43:04.682 [Gauge] [DEBUG] Validation completed.
27-09-2022 12:43:35.131 [Gauge] [DEBUG] Validation started.
27-09-2022 12:43:35.178 [Gauge] [DEBUG] Validation completed.
27-09-2022 12:43:42.400 [Gauge] [DEBUG] Validation started.
27-09-2022 12:43:42.436 [Gauge] [DEBUG] Validation completed.
27-09-2022 12:44:06.871 [Gauge] [CRITICAL] Failed to read execution status information. Reason: File c:\Gauge\gauge-maven\gauge-maven-selProject\.gauge\executionStatus.json doesn't exist.
27-09-2022 12:44:06.995 [Gauge] [INFO] Initializing concepts cache with 0 concepts
27-09-2022 12:44:06.995 [Gauge] [INFO] Initializing specs cache with 1 specs
27-09-2022 12:44:06.995 [Gauge] [DEBUG] Adding specs from c:\Gauge\gauge-maven\gauge-maven-selProject\specs\example.spec
27-09-2022 12:44:06.995 [Gauge] [INFO] Initializing steps cache with 1 steps
27-09-2022 12:44:06.996 [Gauge] [DEBUG] Watching directory: c:\Gauge\gauge-maven\gauge-maven-selProject\specs
27-09-2022 12:44:06.996 [Gauge] [DEBUG] Found 1 files
27-09-2022 12:44:06.996 [Gauge] [INFO] Starting language runner
27-09-2022 12:44:07.015 [java] [DEBUG] ***** Printing Properties/Env Values *****
27-09-2022 12:44:07.015 [java] [DEBUG] PATH: C:\Program Files\Gauge\bin;C:\Program Files\Eclipse Adoptium\jdk-17.0.3.7-hotspot\bin;C:\Program Files (x86)\Common Files\Oracle\Java\javapath;C:\Program Files\Intel\iCLS Client\;C:\WINDOWS\system32;C:\WINDOWS;C:\WINDOWS\System32\Wbem;C:\WINDOWS\System32\WindowsPowerShell\v1.0\;C:\Program Files\TortoiseSVN\bin;C:\WINDOWS\System32\OpenSSH\;C:\Program Files\Intel\WiFi\bin\;C:\Program Files\Common Files\Intel\WirelessCommon\;C:\Program Files\dotnet\;C:\Program Files (x86)\Intel\Intel(R) Management Engine Components\DAL;C:\Program Files\Intel\Intel(R) Management Engine Components\DAL;C:\Program Files\Microsoft SQL Server\130\Tools\Binn\;C:\Program Files\Microsoft SQL Server\Client SDK\ODBC\170\Tools\Binn\;C:\Program Files\Java\jdk1.8.0_251\bin;C:\ProgramData\chocolatey\bin;C:\Program Files\Git\cmd;C:\Selenium\Files\apache-maven-3.8.6-bin\apache-maven-3.8.6\bin;C:\Users\nesbine.akhter\AppData\Local\Microsoft\WindowsApps;C:\Users\nesbine.akhter\.dotnet\tools;C:\Users\nesbine.akhter\AppData\Local\Programs\Microsoft VS Code\bin;C:\Users\nesbine.akhter\AppData\Local\GitHubDesktop\bin;C:\Users\nesbine.akhter\AppData\Roaming\gauge\plugins\screenshot\0.1.0
27-09-2022 12:44:07.016 [java] [DEBUG] JAVA_HOME: C:\Program Files\Java\jdk1.8.0_251
27-09-2022 12:44:07.016 [java] [DEBUG] gauge_project_root: c:\Gauge\gauge-maven\gauge-maven-selProject
27-09-2022 12:44:07.016 [java] [DEBUG] gauge_parallel_streams_count: 
27-09-2022 12:44:07.016 [java] [DEBUG] gauge_reports_dir: reports
27-09-2022 12:44:07.016 [java] [DEBUG] overwrite_reports: true
27-09-2022 12:44:07.016 [java] [DEBUG] logs_directory: logs
27-09-2022 12:44:07.016 [java] [DEBUG] enable_multithreading: false
27-09-2022 12:44:07.016 [java] [DEBUG] gauge_specs_dir: specs
27-09-2022 12:44:07.016 [java] [DEBUG] csv_delimiter: ,
27-09-2022 12:44:07.016 [java] [DEBUG] gauge_java_home: 
27-09-2022 12:44:07.016 [java] [DEBUG] gauge_custom_build_path: 
27-09-2022 12:44:07.016 [java] [DEBUG] gauge_additional_libs: libs/*
27-09-2022 12:44:07.016 [java] [DEBUG] gauge_jvm_args: 
27-09-2022 12:44:07.016 [java] [DEBUG] gauge_custom_compile_dir: 
27-09-2022 12:44:07.016 [java] [DEBUG] gauge_clear_state_level: scenario
27-09-2022 12:44:07.016 [java] [DEBUG] ***** END *****
27-09-2022 12:44:09.610 [java] [ERROR] Installed version of gauge-java (0.9.1) does not match with dependency gauge-java (0.7.15) specified in pom.xml file
27-09-2022 12:44:09.610 [java] [DEBUG] classpath set to c:\Gauge\gauge-maven\gauge-maven-selProject\target\test-classes;c:\Gauge\gauge-maven\gauge-maven-selProject\target\classes;C:\Users\nesbine.akhter\.m2\repository\com\thoughtworks\gauge\gauge-java\0.7.15\gauge-java-0.7.15.jar;C:\Users\nesbine.akhter\.m2\repository\com\github\javaparser\javaparser-core\3.16.3\javaparser-core-3.16.3.jar;C:\Users\nesbine.akhter\.m2\repository\commons-io\commons-io\2.8.0\commons-io-2.8.0.jar;C:\Users\nesbine.akhter\.m2\repository\commons-lang\commons-lang\2.6\commons-lang-2.6.jar;C:\Users\nesbine.akhter\.m2\repository\org\json\json\20210307\json-20210307.jar;C:\Users\nesbine.akhter\.m2\repository\com\google\protobuf\protobuf-java\3.15.8\protobuf-java-3.15.8.jar;C:\Users\nesbine.akhter\.m2\repository\com\google\guava\guava\30.1.1-jre\guava-30.1.1-jre.jar;C:\Users\nesbine.akhter\.m2\repository\com\google\guava\failureaccess\1.0.1\failureaccess-1.0.1.jar;C:\Users\nesbine.akhter\.m2\repository\com\google\guava\listenablefuture\9999.0-empty-to-avoid-conflict-with-guava\listenablefuture-9999.0-empty-to-avoid-conflict-with-guava.jar;C:\Users\nesbine.akhter\.m2\repository\com\google\code\findbugs\jsr305\3.0.2\jsr305-3.0.2.jar;C:\Users\nesbine.akhter\.m2\repository\org\checkerframework\checker-qual\3.8.0\checker-qual-3.8.0.jar;C:\Users\nesbine.akhter\.m2\repository\com\google\errorprone\error_prone_annotations\2.5.1\error_prone_annotations-2.5.1.jar;C:\Users\nesbine.akhter\.m2\repository\com\google\j2objc\j2objc-annotations\1.3\j2objc-annotations-1.3.jar;C:\Users\nesbine.akhter\.m2\repository\io\grpc\grpc-netty-shaded\1.37.0\grpc-netty-shaded-1.37.0.jar;C:\Users\nesbine.akhter\.m2\repository\io\grpc\grpc-core\1.37.0\grpc-core-1.37.0.jar;C:\Users\nesbine.akhter\.m2\repository\com\google\android\annotations\4.1.1.4\annotations-4.1.1.4.jar;C:\Users\nesbine.akhter\.m2\repository\io\perfmark\perfmark-api\0.23.0\perfmark-api-0.23.0.jar;C:\Users\nesbine.akhter\.m2\repository\io\grpc\grpc-protobuf\1.37.0\grpc-protobuf-1.37.0.jar;C:\Users\nesbine.akhter\.m2\repository\io\grpc\grpc-api\1.37.0\grpc-api-1.37.0.jar;C:\Users\nesbine.akhter\.m2\repository\io\grpc\grpc-context\1.37.0\grpc-context-1.37.0.jar;C:\Users\nesbine.akhter\.m2\repository\com\google\api\grpc\proto-google-common-protos\2.0.1\proto-google-common-protos-2.0.1.jar;C:\Users\nesbine.akhter\.m2\repository\io\grpc\grpc-protobuf-lite\1.37.0\grpc-protobuf-lite-1.37.0.jar;C:\Users\nesbine.akhter\.m2\repository\org\codehaus\mojo\animal-sniffer-annotations\1.19\animal-sniffer-annotations-1.19.jar;C:\Users\nesbine.akhter\.m2\repository\io\grpc\grpc-stub\1.37.0\grpc-stub-1.37.0.jar;C:\Users\nesbine.akhter\.m2\repository\javax\annotation\javax.annotation-api\1.3.2\javax.annotation-api-1.3.2.jar;C:\Users\nesbine.akhter\.m2\repository\org\assertj\assertj-core\3.19.0\assertj-core-3.19.0.jar;C:\Users\nesbine.akhter\.m2\repository\org\seleniumhq\selenium\selenium-java\3.141.59\selenium-java-3.141.59.jar;C:\Users\nesbine.akhter\.m2\repository\org\seleniumhq\selenium\selenium-api\3.141.59\selenium-api-3.141.59.jar;C:\Users\nesbine.akhter\.m2\repository\org\seleniumhq\selenium\selenium-chrome-driver\3.141.59\selenium-chrome-driver-3.141.59.jar;C:\Users\nesbine.akhter\.m2\repository\org\seleniumhq\selenium\selenium-edge-driver\3.141.59\selenium-edge-driver-3.141.59.jar;C:\Users\nesbine.akhter\.m2\repository\org\seleniumhq\selenium\selenium-firefox-driver\3.141.59\selenium-firefox-driver-3.141.59.jar;C:\Users\nesbine.akhter\.m2\repository\org\seleniumhq\selenium\selenium-ie-driver\3.141.59\selenium-ie-driver-3.141.59.jar;C:\Users\nesbine.akhter\.m2\repository\org\seleniumhq\selenium\selenium-opera-driver\3.141.59\selenium-opera-driver-3.141.59.jar;C:\Users\nesbine.akhter\.m2\repository\org\seleniumhq\selenium\selenium-remote-driver\3.141.59\selenium-remote-driver-3.141.59.jar;C:\Users\nesbine.akhter\.m2\repository\org\seleniumhq\selenium\selenium-safari-driver\3.141.59\selenium-safari-driver-3.141.59.jar;C:\Users\nesbine.akhter\.m2\repository\org\seleniumhq\selenium\selenium-support\3.141.59\selenium-support-3.141.59.jar;C:\Users\nesbine.akhter\.m2\repository\net\bytebuddy\byte-buddy\1.8.15\byte-buddy-1.8.15.jar;C:\Users\nesbine.akhter\.m2\repository\org\apache\commons\commons-exec\1.3\commons-exec-1.3.jar;C:\Users\nesbine.akhter\.m2\repository\com\squareup\okhttp3\okhttp\3.11.0\okhttp-3.11.0.jar;C:\Users\nesbine.akhter\.m2\repository\com\squareup\okio\okio\1.14.0\okio-1.14.0.jar;C:\Users\nesbine.akhter\.m2\repository\io\github\bonigarcia\webdrivermanager\4.4.0\webdrivermanager-4.4.0.jar;C:\Users\nesbine.akhter\.m2\repository\org\slf4j\slf4j-api\1.7.30\slf4j-api-1.7.30.jar;C:\Users\nesbine.akhter\.m2\repository\com\google\code\gson\gson\2.8.6\gson-2.8.6.jar;C:\Users\nesbine.akhter\.m2\repository\org\apache\commons\commons-lang3\3.12.0\commons-lang3-3.12.0.jar;C:\Users\nesbine.akhter\.m2\repository\org\apache\httpcomponents\client5\httpclient5\5.0.3\httpclient5-5.0.3.jar;C:\Users\nesbine.akhter\.m2\repository\org\apache\httpcomponents\core5\httpcore5\5.0.2\httpcore5-5.0.2.jar;C:\Users\nesbine.akhter\.m2\repository\org\apache\httpcomponents\core5\httpcore5-h2\5.0.2\httpcore5-h2-5.0.2.jar;C:\Users\nesbine.akhter\.m2\repository\commons-codec\commons-codec\1.13\commons-codec-1.13.jar;C:\Users\nesbine.akhter\.m2\repository\org\rauschig\jarchivelib\1.1.0\jarchivelib-1.1.0.jar;C:\Users\nesbine.akhter\.m2\repository\org\apache\commons\commons-compress\1.20\commons-compress-1.20.jar;C:\Users\nesbine.akhter\.m2\repository\org\jsoup\jsoup\1.13.1\jsoup-1.13.1.jar;C:\Users\nesbine.akhter\.m2\repository\org\reflections\reflections\0.9.10\reflections-0.9.10.jar;C:\Users\nesbine.akhter\.m2\repository\org\javassist\javassist\3.19.0-GA\javassist-3.19.0-GA.jar;C:\Users\nesbine.akhter\.m2\repository\com\google\code\findbugs\annotations\2.0.1\annotations-2.0.1.jar
27-09-2022 12:44:09.690 [java] [DEBUG] found java executable in C:\Program Files\Java\jdk1.8.0_251\jre\bin\java.exe
27-09-2022 12:44:09.690 [java] [DEBUG] running - C:\Program Files\Java\jdk1.8.0_251\jre\bin\java.exe [-Dfile.encoding=UTF-8 com.thoughtworks.gauge.GaugeRuntime --start]
27-09-2022 12:44:09.690 [java] [DEBUG] stdout/stderr is logged to logs\10340-java.exe.out
27-09-2022 12:44:09.909 [java] [DEBUG] multithreading is set to false
27-09-2022 12:44:10.302 [java] [DEBUG] Using reflection to scan dependencies for gauge implementations...
27-09-2022 12:44:10.407 [java] [ERROR] SLF4J: Failed to load class "org.slf4j.impl.StaticLoggerBinder".
27-09-2022 12:44:10.407 [java] [ERROR] SLF4J: Defaulting to no-operation (NOP) logger implementation
27-09-2022 12:44:10.407 [java] [ERROR] SLF4J: See http://www.slf4j.org/codes.html#StaticLoggerBinder for further details.
27-09-2022 12:44:10.978 [java] [DEBUG] gauge-java took 1054milliseconds to load and scan. This should be less than 'runner_connection_timeout' config value.
27-09-2022 12:44:10.978 [java] [DEBUG] run 'gauge config runner_connection_timeout' and verify that it is < 1054
27-09-2022 12:44:10.978 [java] [DEBUG] starting gRPC server...
27-09-2022 12:44:11.442 [java] [DEBUG] started gRPC server on port 61528
27-09-2022 12:44:11.442 [Gauge] [DEBUG] Attempting to connect to grpc server at port: 61528
27-09-2022 12:44:11.617 [Gauge] [DEBUG] Successfully made the connection with runner with port: 61528
27-09-2022 12:44:11.617 [Gauge] [INFO] LangServer: reading on stdin, writing on stdout
27-09-2022 12:44:11.651 [Gauge] [DEBUG] Validation started.
27-09-2022 12:44:12.525 [java] [DEBUG] Scanning packages for steps
27-09-2022 12:44:12.535 [java] [DEBUG] Scanning packages for hooks
27-09-2022 12:44:12.542 [java] [DEBUG] Scanned steps (using static parsing + reflections): 
27-09-2022 12:44:12.544 [java] [DEBUG] 	Open the Gauge homepage : public void implementation1()
27-09-2022 12:44:12.544 [java] [DEBUG] 	Go to Gauge Get Started Page : public void gotoGetStartedPage() throws InterruptedException
27-09-2022 12:44:12.544 [java] [DEBUG] 	Ensure installation instructions are available : public void ensureInstallationInstructionsAreAvailable() throws InterruptedException
27-09-2022 12:44:13.793 [Gauge] [DEBUG] Validation completed.
27-09-2022 12:44:13.848 [Gauge] [DEBUG] Validation started.
27-09-2022 12:44:13.976 [Gauge] [DEBUG] Validation completed.
27-09-2022 12:44:13.979 [Gauge] [DEBUG] Validation started.
27-09-2022 12:44:13.984 [Gauge] [DEBUG] Validation completed.
27-09-2022 12:47:41.873 [Gauge] [DEBUG] Validation started.
27-09-2022 12:47:41.880 [Gauge] [DEBUG] Validation completed.
27-09-2022 12:48:16.878 [Gauge] [DEBUG] Validation started.
27-09-2022 12:48:16.931 [Gauge] [DEBUG] Validation completed.
27-09-2022 12:55:06.165 [Gauge] [DEBUG] Validation started.
27-09-2022 12:55:06.173 [Gauge] [DEBUG] Validation completed.
27-09-2022 13:01:50.850 [Gauge] [CRITICAL] Failed to read execution status information. Reason: File c:\Gauge\gauge-maven\gauge-maven-selProject\.gauge\executionStatus.json doesn't exist.
27-09-2022 13:01:50.957 [Gauge] [INFO] Initializing concepts cache with 0 concepts
27-09-2022 13:01:50.958 [Gauge] [INFO] Initializing specs cache with 1 specs
27-09-2022 13:01:50.958 [Gauge] [DEBUG] Adding specs from c:\Gauge\gauge-maven\gauge-maven-selProject\specs\example.spec
27-09-2022 13:01:50.958 [Gauge] [INFO] Initializing steps cache with 1 steps
27-09-2022 13:01:50.958 [Gauge] [DEBUG] Watching directory: c:\Gauge\gauge-maven\gauge-maven-selProject\specs
27-09-2022 13:01:50.958 [Gauge] [DEBUG] Found 1 files
27-09-2022 13:01:50.958 [Gauge] [INFO] Starting language runner
27-09-2022 13:01:50.979 [java] [DEBUG] ***** Printing Properties/Env Values *****
27-09-2022 13:01:50.979 [java] [DEBUG] PATH: C:\Program Files\Gauge\bin;C:\Program Files\Eclipse Adoptium\jdk-17.0.3.7-hotspot\bin;C:\Program Files (x86)\Common Files\Oracle\Java\javapath;C:\Program Files\Intel\iCLS Client\;C:\WINDOWS\system32;C:\WINDOWS;C:\WINDOWS\System32\Wbem;C:\WINDOWS\System32\WindowsPowerShell\v1.0\;C:\Program Files\TortoiseSVN\bin;C:\WINDOWS\System32\OpenSSH\;C:\Program Files\Intel\WiFi\bin\;C:\Program Files\Common Files\Intel\WirelessCommon\;C:\Program Files\dotnet\;C:\Program Files (x86)\Intel\Intel(R) Management Engine Components\DAL;C:\Program Files\Intel\Intel(R) Management Engine Components\DAL;C:\Program Files\Microsoft SQL Server\130\Tools\Binn\;C:\Program Files\Microsoft SQL Server\Client SDK\ODBC\170\Tools\Binn\;C:\Program Files\Java\jdk1.8.0_251\bin;C:\ProgramData\chocolatey\bin;C:\Program Files\Git\cmd;C:\Selenium\Files\apache-maven-3.8.6-bin\apache-maven-3.8.6\bin;C:\Users\nesbine.akhter\AppData\Local\Microsoft\WindowsApps;C:\Users\nesbine.akhter\.dotnet\tools;C:\Users\nesbine.akhter\AppData\Local\Programs\Microsoft VS Code\bin;C:\Users\nesbine.akhter\AppData\Local\GitHubDesktop\bin;C:\Users\nesbine.akhter\AppData\Roaming\gauge\plugins\screenshot\0.1.0
27-09-2022 13:01:50.979 [java] [DEBUG] JAVA_HOME: C:\Program Files\Java\jdk1.8.0_251
27-09-2022 13:01:50.979 [java] [DEBUG] gauge_project_root: c:\Gauge\gauge-maven\gauge-maven-selProject
27-09-2022 13:01:50.979 [java] [DEBUG] gauge_parallel_streams_count: 
27-09-2022 13:01:50.979 [java] [DEBUG] gauge_reports_dir: reports
27-09-2022 13:01:50.979 [java] [DEBUG] overwrite_reports: true
27-09-2022 13:01:50.979 [java] [DEBUG] logs_directory: logs
27-09-2022 13:01:50.979 [java] [DEBUG] enable_multithreading: false
27-09-2022 13:01:50.979 [java] [DEBUG] gauge_specs_dir: specs
27-09-2022 13:01:50.979 [java] [DEBUG] csv_delimiter: ,
27-09-2022 13:01:50.979 [java] [DEBUG] gauge_java_home: 
27-09-2022 13:01:50.979 [java] [DEBUG] gauge_custom_build_path: 
27-09-2022 13:01:50.979 [java] [DEBUG] gauge_additional_libs: libs/*
27-09-2022 13:01:50.979 [java] [DEBUG] gauge_jvm_args: 
27-09-2022 13:01:50.979 [java] [DEBUG] gauge_custom_compile_dir: 
27-09-2022 13:01:50.979 [java] [DEBUG] gauge_clear_state_level: scenario
27-09-2022 13:01:50.979 [java] [DEBUG] ***** END *****
27-09-2022 13:01:53.861 [java] [ERROR] Installed version of gauge-java (0.9.1) does not match with dependency gauge-java (0.7.15) specified in pom.xml file
27-09-2022 13:01:53.861 [java] [DEBUG] classpath set to c:\Gauge\gauge-maven\gauge-maven-selProject\target\test-classes;c:\Gauge\gauge-maven\gauge-maven-selProject\target\classes;C:\Users\nesbine.akhter\.m2\repository\com\thoughtworks\gauge\gauge-java\0.7.15\gauge-java-0.7.15.jar;C:\Users\nesbine.akhter\.m2\repository\com\github\javaparser\javaparser-core\3.16.3\javaparser-core-3.16.3.jar;C:\Users\nesbine.akhter\.m2\repository\commons-io\commons-io\2.8.0\commons-io-2.8.0.jar;C:\Users\nesbine.akhter\.m2\repository\commons-lang\commons-lang\2.6\commons-lang-2.6.jar;C:\Users\nesbine.akhter\.m2\repository\org\json\json\20210307\json-20210307.jar;C:\Users\nesbine.akhter\.m2\repository\com\google\protobuf\protobuf-java\3.15.8\protobuf-java-3.15.8.jar;C:\Users\nesbine.akhter\.m2\repository\com\google\guava\guava\30.1.1-jre\guava-30.1.1-jre.jar;C:\Users\nesbine.akhter\.m2\repository\com\google\guava\failureaccess\1.0.1\failureaccess-1.0.1.jar;C:\Users\nesbine.akhter\.m2\repository\com\google\guava\listenablefuture\9999.0-empty-to-avoid-conflict-with-guava\listenablefuture-9999.0-empty-to-avoid-conflict-with-guava.jar;C:\Users\nesbine.akhter\.m2\repository\com\google\code\findbugs\jsr305\3.0.2\jsr305-3.0.2.jar;C:\Users\nesbine.akhter\.m2\repository\org\checkerframework\checker-qual\3.8.0\checker-qual-3.8.0.jar;C:\Users\nesbine.akhter\.m2\repository\com\google\errorprone\error_prone_annotations\2.5.1\error_prone_annotations-2.5.1.jar;C:\Users\nesbine.akhter\.m2\repository\com\google\j2objc\j2objc-annotations\1.3\j2objc-annotations-1.3.jar;C:\Users\nesbine.akhter\.m2\repository\io\grpc\grpc-netty-shaded\1.37.0\grpc-netty-shaded-1.37.0.jar;C:\Users\nesbine.akhter\.m2\repository\io\grpc\grpc-core\1.37.0\grpc-core-1.37.0.jar;C:\Users\nesbine.akhter\.m2\repository\com\google\android\annotations\4.1.1.4\annotations-4.1.1.4.jar;C:\Users\nesbine.akhter\.m2\repository\io\perfmark\perfmark-api\0.23.0\perfmark-api-0.23.0.jar;C:\Users\nesbine.akhter\.m2\repository\io\grpc\grpc-protobuf\1.37.0\grpc-protobuf-1.37.0.jar;C:\Users\nesbine.akhter\.m2\repository\io\grpc\grpc-api\1.37.0\grpc-api-1.37.0.jar;C:\Users\nesbine.akhter\.m2\repository\io\grpc\grpc-context\1.37.0\grpc-context-1.37.0.jar;C:\Users\nesbine.akhter\.m2\repository\com\google\api\grpc\proto-google-common-protos\2.0.1\proto-google-common-protos-2.0.1.jar;C:\Users\nesbine.akhter\.m2\repository\io\grpc\grpc-protobuf-lite\1.37.0\grpc-protobuf-lite-1.37.0.jar;C:\Users\nesbine.akhter\.m2\repository\org\codehaus\mojo\animal-sniffer-annotations\1.19\animal-sniffer-annotations-1.19.jar;C:\Users\nesbine.akhter\.m2\repository\io\grpc\grpc-stub\1.37.0\grpc-stub-1.37.0.jar;C:\Users\nesbine.akhter\.m2\repository\javax\annotation\javax.annotation-api\1.3.2\javax.annotation-api-1.3.2.jar;C:\Users\nesbine.akhter\.m2\repository\org\assertj\assertj-core\3.19.0\assertj-core-3.19.0.jar;C:\Users\nesbine.akhter\.m2\repository\org\seleniumhq\selenium\selenium-java\3.141.59\selenium-java-3.141.59.jar;C:\Users\nesbine.akhter\.m2\repository\org\seleniumhq\selenium\selenium-api\3.141.59\selenium-api-3.141.59.jar;C:\Users\nesbine.akhter\.m2\repository\org\seleniumhq\selenium\selenium-chrome-driver\3.141.59\selenium-chrome-driver-3.141.59.jar;C:\Users\nesbine.akhter\.m2\repository\org\seleniumhq\selenium\selenium-edge-driver\3.141.59\selenium-edge-driver-3.141.59.jar;C:\Users\nesbine.akhter\.m2\repository\org\seleniumhq\selenium\selenium-firefox-driver\3.141.59\selenium-firefox-driver-3.141.59.jar;C:\Users\nesbine.akhter\.m2\repository\org\seleniumhq\selenium\selenium-ie-driver\3.141.59\selenium-ie-driver-3.141.59.jar;C:\Users\nesbine.akhter\.m2\repository\org\seleniumhq\selenium\selenium-opera-driver\3.141.59\selenium-opera-driver-3.141.59.jar;C:\Users\nesbine.akhter\.m2\repository\org\seleniumhq\selenium\selenium-remote-driver\3.141.59\selenium-remote-driver-3.141.59.jar;C:\Users\nesbine.akhter\.m2\repository\org\seleniumhq\selenium\selenium-safari-driver\3.141.59\selenium-safari-driver-3.141.59.jar;C:\Users\nesbine.akhter\.m2\repository\org\seleniumhq\selenium\selenium-support\3.141.59\selenium-support-3.141.59.jar;C:\Users\nesbine.akhter\.m2\repository\net\bytebuddy\byte-buddy\1.8.15\byte-buddy-1.8.15.jar;C:\Users\nesbine.akhter\.m2\repository\org\apache\commons\commons-exec\1.3\commons-exec-1.3.jar;C:\Users\nesbine.akhter\.m2\repository\com\squareup\okhttp3\okhttp\3.11.0\okhttp-3.11.0.jar;C:\Users\nesbine.akhter\.m2\repository\com\squareup\okio\okio\1.14.0\okio-1.14.0.jar;C:\Users\nesbine.akhter\.m2\repository\io\github\bonigarcia\webdrivermanager\4.4.0\webdrivermanager-4.4.0.jar;C:\Users\nesbine.akhter\.m2\repository\org\slf4j\slf4j-api\1.7.30\slf4j-api-1.7.30.jar;C:\Users\nesbine.akhter\.m2\repository\com\google\code\gson\gson\2.8.6\gson-2.8.6.jar;C:\Users\nesbine.akhter\.m2\repository\org\apache\commons\commons-lang3\3.12.0\commons-lang3-3.12.0.jar;C:\Users\nesbine.akhter\.m2\repository\org\apache\httpcomponents\client5\httpclient5\5.0.3\httpclient5-5.0.3.jar;C:\Users\nesbine.akhter\.m2\repository\org\apache\httpcomponents\core5\httpcore5\5.0.2\httpcore5-5.0.2.jar;C:\Users\nesbine.akhter\.m2\repository\org\apache\httpcomponents\core5\httpcore5-h2\5.0.2\httpcore5-h2-5.0.2.jar;C:\Users\nesbine.akhter\.m2\repository\commons-codec\commons-codec\1.13\commons-codec-1.13.jar;C:\Users\nesbine.akhter\.m2\repository\org\rauschig\jarchivelib\1.1.0\jarchivelib-1.1.0.jar;C:\Users\nesbine.akhter\.m2\repository\org\apache\commons\commons-compress\1.20\commons-compress-1.20.jar;C:\Users\nesbine.akhter\.m2\repository\org\jsoup\jsoup\1.13.1\jsoup-1.13.1.jar;C:\Users\nesbine.akhter\.m2\repository\org\reflections\reflections\0.9.10\reflections-0.9.10.jar;C:\Users\nesbine.akhter\.m2\repository\org\javassist\javassist\3.19.0-GA\javassist-3.19.0-GA.jar;C:\Users\nesbine.akhter\.m2\repository\com\google\code\findbugs\annotations\2.0.1\annotations-2.0.1.jar
27-09-2022 13:01:53.944 [java] [DEBUG] found java executable in C:\Program Files\Java\jdk1.8.0_251\jre\bin\java.exe
27-09-2022 13:01:53.944 [java] [DEBUG] running - C:\Program Files\Java\jdk1.8.0_251\jre\bin\java.exe [-Dfile.encoding=UTF-8 com.thoughtworks.gauge.GaugeRuntime --start]
27-09-2022 13:01:53.944 [java] [DEBUG] stdout/stderr is logged to logs\10720-java.exe.out
27-09-2022 13:01:54.132 [java] [DEBUG] multithreading is set to false
27-09-2022 13:01:54.526 [java] [DEBUG] Using reflection to scan dependencies for gauge implementations...
27-09-2022 13:01:54.637 [java] [ERROR] SLF4J: Failed to load class "org.slf4j.impl.StaticLoggerBinder".
27-09-2022 13:01:54.637 [java] [ERROR] SLF4J: Defaulting to no-operation (NOP) logger implementation
27-09-2022 13:01:54.637 [java] [ERROR] SLF4J: See http://www.slf4j.org/codes.html#StaticLoggerBinder for further details.
27-09-2022 13:01:55.229 [java] [DEBUG] gauge-java took 1063milliseconds to load and scan. This should be less than 'runner_connection_timeout' config value.
27-09-2022 13:01:55.229 [java] [DEBUG] run 'gauge config runner_connection_timeout' and verify that it is < 1063
27-09-2022 13:01:55.229 [java] [DEBUG] starting gRPC server...
27-09-2022 13:01:55.691 [java] [DEBUG] started gRPC server on port 61632
27-09-2022 13:01:55.691 [Gauge] [DEBUG] Attempting to connect to grpc server at port: 61632
27-09-2022 13:01:55.858 [Gauge] [DEBUG] Successfully made the connection with runner with port: 61632
27-09-2022 13:01:55.858 [Gauge] [INFO] LangServer: reading on stdin, writing on stdout
27-09-2022 13:01:55.879 [Gauge] [DEBUG] Validation started.
27-09-2022 13:01:56.943 [java] [DEBUG] Scanning packages for steps
27-09-2022 13:01:56.954 [java] [DEBUG] Scanning packages for hooks
27-09-2022 13:01:56.961 [java] [DEBUG] Scanned steps (using static parsing + reflections): 
27-09-2022 13:01:56.962 [java] [DEBUG] 	Open the Gauge homepage : public void implementation1()
27-09-2022 13:01:56.962 [java] [DEBUG] 	Go to Gauge Get Started Page : public void gotoGetStartedPage() throws InterruptedException
27-09-2022 13:01:56.962 [java] [DEBUG] 	Ensure installation instructions are available : public void ensureInstallationInstructionsAreAvailable() throws InterruptedException
27-09-2022 13:01:58.120 [Gauge] [DEBUG] Validation completed.
27-09-2022 13:01:58.127 [Gauge] [DEBUG] Validation started.
27-09-2022 13:01:58.136 [Gauge] [DEBUG] Validation completed.
27-09-2022 13:11:14.574 [java] [DEBUG] Killing Java runner...
27-09-2022 13:11:14.574 [java] [DEBUG] Stopping execution pool...
27-09-2022 13:11:14.574 [java] [DEBUG] Shutting down grpc server...
27-09-2022 13:11:44.513 [Gauge] [INFO] Initializing concepts cache with 0 concepts
27-09-2022 13:11:44.514 [Gauge] [INFO] Initializing specs cache with 1 specs
27-09-2022 13:11:44.514 [Gauge] [DEBUG] Adding specs from c:\Gauge\gauge-maven\gauge-maven-selProject\specs\example.spec
27-09-2022 13:11:44.514 [Gauge] [INFO] Initializing steps cache with 1 steps
27-09-2022 13:11:44.515 [Gauge] [INFO] Starting language runner
27-09-2022 13:11:44.519 [Gauge] [DEBUG] Watching directory: c:\Gauge\gauge-maven\gauge-maven-selProject\specs
27-09-2022 13:11:44.519 [Gauge] [DEBUG] Found 1 files
27-09-2022 13:11:44.549 [java] [DEBUG] ***** Printing Properties/Env Values *****
27-09-2022 13:11:44.549 [java] [DEBUG] PATH: C:\Program Files\Gauge\bin;C:\Program Files\Eclipse Adoptium\jdk-17.0.3.7-hotspot\bin;C:\Program Files (x86)\Common Files\Oracle\Java\javapath;C:\Program Files\Intel\iCLS Client\;C:\WINDOWS\system32;C:\WINDOWS;C:\WINDOWS\System32\Wbem;C:\WINDOWS\System32\WindowsPowerShell\v1.0\;C:\Program Files\TortoiseSVN\bin;C:\WINDOWS\System32\OpenSSH\;C:\Program Files\Intel\WiFi\bin\;C:\Program Files\Common Files\Intel\WirelessCommon\;C:\Program Files\dotnet\;C:\Program Files (x86)\Intel\Intel(R) Management Engine Components\DAL;C:\Program Files\Intel\Intel(R) Management Engine Components\DAL;C:\Program Files\Microsoft SQL Server\130\Tools\Binn\;C:\Program Files\Microsoft SQL Server\Client SDK\ODBC\170\Tools\Binn\;C:\Program Files\Java\jdk1.8.0_251\bin;C:\ProgramData\chocolatey\bin;C:\Program Files\Git\cmd;C:\Selenium\Files\apache-maven-3.8.6-bin\apache-maven-3.8.6\bin;C:\Users\nesbine.akhter\AppData\Local\Microsoft\WindowsApps;C:\Users\nesbine.akhter\.dotnet\tools;C:\Users\nesbine.akhter\AppData\Local\Programs\Microsoft VS Code\bin;C:\Users\nesbine.akhter\AppData\Local\GitHubDesktop\bin;C:\Users\nesbine.akhter\AppData\Roaming\gauge\plugins\screenshot\0.1.0
27-09-2022 13:11:44.549 [java] [DEBUG] JAVA_HOME: C:\Program Files\Java\jdk1.8.0_251
27-09-2022 13:11:44.549 [java] [DEBUG] gauge_project_root: c:\Gauge\gauge-maven\gauge-maven-selProject
27-09-2022 13:11:44.549 [java] [DEBUG] gauge_parallel_streams_count: 
27-09-2022 13:11:44.549 [java] [DEBUG] gauge_reports_dir: reports
27-09-2022 13:11:44.549 [java] [DEBUG] overwrite_reports: true
27-09-2022 13:11:44.549 [java] [DEBUG] logs_directory: logs
27-09-2022 13:11:44.549 [java] [DEBUG] enable_multithreading: false
27-09-2022 13:11:44.549 [java] [DEBUG] gauge_specs_dir: specs
27-09-2022 13:11:44.549 [java] [DEBUG] csv_delimiter: ,
27-09-2022 13:11:44.549 [java] [DEBUG] gauge_java_home: 
27-09-2022 13:11:44.549 [java] [DEBUG] gauge_custom_build_path: 
27-09-2022 13:11:44.549 [java] [DEBUG] gauge_additional_libs: libs/*
27-09-2022 13:11:44.549 [java] [DEBUG] gauge_jvm_args: 
27-09-2022 13:11:44.549 [java] [DEBUG] gauge_custom_compile_dir: 
27-09-2022 13:11:44.549 [java] [DEBUG] gauge_clear_state_level: scenario
27-09-2022 13:11:44.549 [java] [DEBUG] ***** END *****
27-09-2022 13:12:08.576 [java] [ERROR] Installed version of gauge-java (0.9.1) does not match with dependency gauge-java (0.7.15) specified in pom.xml file
27-09-2022 13:12:08.576 [java] [DEBUG] classpath set to c:\Gauge\gauge-maven\gauge-maven-selProject\target\test-classes;c:\Gauge\gauge-maven\gauge-maven-selProject\target\classes;C:\Users\nesbine.akhter\.m2\repository\com\thoughtworks\gauge\gauge-java\0.7.15\gauge-java-0.7.15.jar;C:\Users\nesbine.akhter\.m2\repository\com\github\javaparser\javaparser-core\3.16.3\javaparser-core-3.16.3.jar;C:\Users\nesbine.akhter\.m2\repository\commons-io\commons-io\2.8.0\commons-io-2.8.0.jar;C:\Users\nesbine.akhter\.m2\repository\commons-lang\commons-lang\2.6\commons-lang-2.6.jar;C:\Users\nesbine.akhter\.m2\repository\org\json\json\20210307\json-20210307.jar;C:\Users\nesbine.akhter\.m2\repository\com\google\protobuf\protobuf-java\3.15.8\protobuf-java-3.15.8.jar;C:\Users\nesbine.akhter\.m2\repository\com\google\guava\guava\30.1.1-jre\guava-30.1.1-jre.jar;C:\Users\nesbine.akhter\.m2\repository\com\google\guava\failureaccess\1.0.1\failureaccess-1.0.1.jar;C:\Users\nesbine.akhter\.m2\repository\com\google\guava\listenablefuture\9999.0-empty-to-avoid-conflict-with-guava\listenablefuture-9999.0-empty-to-avoid-conflict-with-guava.jar;C:\Users\nesbine.akhter\.m2\repository\com\google\code\findbugs\jsr305\3.0.2\jsr305-3.0.2.jar;C:\Users\nesbine.akhter\.m2\repository\org\checkerframework\checker-qual\3.8.0\checker-qual-3.8.0.jar;C:\Users\nesbine.akhter\.m2\repository\com\google\errorprone\error_prone_annotations\2.5.1\error_prone_annotations-2.5.1.jar;C:\Users\nesbine.akhter\.m2\repository\com\google\j2objc\j2objc-annotations\1.3\j2objc-annotations-1.3.jar;C:\Users\nesbine.akhter\.m2\repository\io\grpc\grpc-netty-shaded\1.37.0\grpc-netty-shaded-1.37.0.jar;C:\Users\nesbine.akhter\.m2\repository\io\grpc\grpc-core\1.37.0\grpc-core-1.37.0.jar;C:\Users\nesbine.akhter\.m2\repository\com\google\android\annotations\4.1.1.4\annotations-4.1.1.4.jar;C:\Users\nesbine.akhter\.m2\repository\io\perfmark\perfmark-api\0.23.0\perfmark-api-0.23.0.jar;C:\Users\nesbine.akhter\.m2\repository\io\grpc\grpc-protobuf\1.37.0\grpc-protobuf-1.37.0.jar;C:\Users\nesbine.akhter\.m2\repository\io\grpc\grpc-api\1.37.0\grpc-api-1.37.0.jar;C:\Users\nesbine.akhter\.m2\repository\io\grpc\grpc-context\1.37.0\grpc-context-1.37.0.jar;C:\Users\nesbine.akhter\.m2\repository\com\google\api\grpc\proto-google-common-protos\2.0.1\proto-google-common-protos-2.0.1.jar;C:\Users\nesbine.akhter\.m2\repository\io\grpc\grpc-protobuf-lite\1.37.0\grpc-protobuf-lite-1.37.0.jar;C:\Users\nesbine.akhter\.m2\repository\org\codehaus\mojo\animal-sniffer-annotations\1.19\animal-sniffer-annotations-1.19.jar;C:\Users\nesbine.akhter\.m2\repository\io\grpc\grpc-stub\1.37.0\grpc-stub-1.37.0.jar;C:\Users\nesbine.akhter\.m2\repository\javax\annotation\javax.annotation-api\1.3.2\javax.annotation-api-1.3.2.jar;C:\Users\nesbine.akhter\.m2\repository\org\assertj\assertj-core\3.19.0\assertj-core-3.19.0.jar;C:\Users\nesbine.akhter\.m2\repository\org\seleniumhq\selenium\selenium-java\3.141.59\selenium-java-3.141.59.jar;C:\Users\nesbine.akhter\.m2\repository\org\seleniumhq\selenium\selenium-api\3.141.59\selenium-api-3.141.59.jar;C:\Users\nesbine.akhter\.m2\repository\org\seleniumhq\selenium\selenium-chrome-driver\3.141.59\selenium-chrome-driver-3.141.59.jar;C:\Users\nesbine.akhter\.m2\repository\org\seleniumhq\selenium\selenium-edge-driver\3.141.59\selenium-edge-driver-3.141.59.jar;C:\Users\nesbine.akhter\.m2\repository\org\seleniumhq\selenium\selenium-firefox-driver\3.141.59\selenium-firefox-driver-3.141.59.jar;C:\Users\nesbine.akhter\.m2\repository\org\seleniumhq\selenium\selenium-ie-driver\3.141.59\selenium-ie-driver-3.141.59.jar;C:\Users\nesbine.akhter\.m2\repository\org\seleniumhq\selenium\selenium-opera-driver\3.141.59\selenium-opera-driver-3.141.59.jar;C:\Users\nesbine.akhter\.m2\repository\org\seleniumhq\selenium\selenium-remote-driver\3.141.59\selenium-remote-driver-3.141.59.jar;C:\Users\nesbine.akhter\.m2\repository\org\seleniumhq\selenium\selenium-safari-driver\3.141.59\selenium-safari-driver-3.141.59.jar;C:\Users\nesbine.akhter\.m2\repository\org\seleniumhq\selenium\selenium-support\3.141.59\selenium-support-3.141.59.jar;C:\Users\nesbine.akhter\.m2\repository\net\bytebuddy\byte-buddy\1.8.15\byte-buddy-1.8.15.jar;C:\Users\nesbine.akhter\.m2\repository\org\apache\commons\commons-exec\1.3\commons-exec-1.3.jar;C:\Users\nesbine.akhter\.m2\repository\com\squareup\okhttp3\okhttp\3.11.0\okhttp-3.11.0.jar;C:\Users\nesbine.akhter\.m2\repository\com\squareup\okio\okio\1.14.0\okio-1.14.0.jar;C:\Users\nesbine.akhter\.m2\repository\com\thoughtworks\gauge\maven\gauge-maven-plugin\1.5.0\gauge-maven-plugin-1.5.0.jar;C:\Users\nesbine.akhter\.m2\repository\org\apache\maven\maven-plugin-api\3.6.0\maven-plugin-api-3.6.0.jar;C:\Users\nesbine.akhter\.m2\repository\org\apache\maven\maven-model\3.6.0\maven-model-3.6.0.jar;C:\Users\nesbine.akhter\.m2\repository\org\eclipse\sisu\org.eclipse.sisu.plexus\0.3.3\org.eclipse.sisu.plexus-0.3.3.jar;C:\Users\nesbine.akhter\.m2\repository\javax\enterprise\cdi-api\1.0\cdi-api-1.0.jar;C:\Users\nesbine.akhter\.m2\repository\javax\annotation\jsr250-api\1.0\jsr250-api-1.0.jar;C:\Users\nesbine.akhter\.m2\repository\org\codehaus\plexus\plexus-utils\3.1.0\plexus-utils-3.1.0.jar;C:\Users\nesbine.akhter\.m2\repository\org\codehaus\plexus\plexus-classworlds\2.5.2\plexus-classworlds-2.5.2.jar;C:\Users\nesbine.akhter\.m2\repository\org\apache\maven\maven-core\3.6.0\maven-core-3.6.0.jar;C:\Users\nesbine.akhter\.m2\repository\org\apache\maven\maven-settings\3.6.0\maven-settings-3.6.0.jar;C:\Users\nesbine.akhter\.m2\repository\org\apache\maven\maven-settings-builder\3.6.0\maven-settings-builder-3.6.0.jar;C:\Users\nesbine.akhter\.m2\repository\org\codehaus\plexus\plexus-interpolation\1.25\plexus-interpolation-1.25.jar;C:\Users\nesbine.akhter\.m2\repository\org\sonatype\plexus\plexus-sec-dispatcher\1.4\plexus-sec-dispatcher-1.4.jar;C:\Users\nesbine.akhter\.m2\repository\org\sonatype\plexus\plexus-cipher\1.4\plexus-cipher-1.4.jar;C:\Users\nesbine.akhter\.m2\repository\org\apache\maven\maven-builder-support\3.6.0\maven-builder-support-3.6.0.jar;C:\Users\nesbine.akhter\.m2\repository\org\apache\maven\maven-repository-metadata\3.6.0\maven-repository-metadata-3.6.0.jar;C:\Users\nesbine.akhter\.m2\repository\org\apache\maven\maven-model-builder\3.6.0\maven-model-builder-3.6.0.jar;C:\Users\nesbine.akhter\.m2\repository\org\apache\maven\maven-resolver-provider\3.6.0\maven-resolver-provider-3.6.0.jar;C:\Users\nesbine.akhter\.m2\repository\org\apache\maven\resolver\maven-resolver-impl\1.3.1\maven-resolver-impl-1.3.1.jar;C:\Users\nesbine.akhter\.m2\repository\org\apache\maven\resolver\maven-resolver-api\1.3.1\maven-resolver-api-1.3.1.jar;C:\Users\nesbine.akhter\.m2\repository\org\apache\maven\resolver\maven-resolver-spi\1.3.1\maven-resolver-spi-1.3.1.jar;C:\Users\nesbine.akhter\.m2\repository\org\apache\maven\resolver\maven-resolver-util\1.3.1\maven-resolver-util-1.3.1.jar;C:\Users\nesbine.akhter\.m2\repository\org\apache\maven\shared\maven-shared-utils\3.2.1\maven-shared-utils-3.2.1.jar;C:\Users\nesbine.akhter\.m2\repository\org\eclipse\sisu\org.eclipse.sisu.inject\0.3.3\org.eclipse.sisu.inject-0.3.3.jar;C:\Users\nesbine.akhter\.m2\repository\com\google\inject\guice\4.2.1\guice-4.2.1-no_aop.jar;C:\Users\nesbine.akhter\.m2\repository\aopalliance\aopalliance\1.0\aopalliance-1.0.jar;C:\Users\nesbine.akhter\.m2\repository\javax\inject\javax.inject\1\javax.inject-1.jar;C:\Users\nesbine.akhter\.m2\repository\org\codehaus\plexus\plexus-component-annotations\1.7.1\plexus-component-annotations-1.7.1.jar;C:\Users\nesbine.akhter\.m2\repository\org\apache\maven\maven-artifact\3.6.0\maven-artifact-3.6.0.jar;C:\Users\nesbine.akhter\.m2\repository\org\apache\commons\commons-lang3\3.3\commons-lang3-3.3.jar;C:\Users\nesbine.akhter\.m2\repository\io\github\bonigarcia\webdrivermanager\4.4.0\webdrivermanager-4.4.0.jar;C:\Users\nesbine.akhter\.m2\repository\org\slf4j\slf4j-api\1.7.30\slf4j-api-1.7.30.jar;C:\Users\nesbine.akhter\.m2\repository\com\google\code\gson\gson\2.8.6\gson-2.8.6.jar;C:\Users\nesbine.akhter\.m2\repository\org\apache\httpcomponents\client5\httpclient5\5.0.3\httpclient5-5.0.3.jar;C:\Users\nesbine.akhter\.m2\repository\org\apache\httpcomponents\core5\httpcore5\5.0.2\httpcore5-5.0.2.jar;C:\Users\nesbine.akhter\.m2\repository\org\apache\httpcomponents\core5\httpcore5-h2\5.0.2\httpcore5-h2-5.0.2.jar;C:\Users\nesbine.akhter\.m2\repository\commons-codec\commons-codec\1.13\commons-codec-1.13.jar;C:\Users\nesbine.akhter\.m2\repository\org\rauschig\jarchivelib\1.1.0\jarchivelib-1.1.0.jar;C:\Users\nesbine.akhter\.m2\repository\org\apache\commons\commons-compress\1.20\commons-compress-1.20.jar;C:\Users\nesbine.akhter\.m2\repository\org\jsoup\jsoup\1.13.1\jsoup-1.13.1.jar;C:\Users\nesbine.akhter\.m2\repository\org\reflections\reflections\0.9.10\reflections-0.9.10.jar;C:\Users\nesbine.akhter\.m2\repository\org\javassist\javassist\3.19.0-GA\javassist-3.19.0-GA.jar;C:\Users\nesbine.akhter\.m2\repository\com\google\code\findbugs\annotations\2.0.1\annotations-2.0.1.jar
27-09-2022 13:12:08.884 [java] [DEBUG] found java executable in C:\Program Files\Java\jdk1.8.0_251\jre\bin\java.exe
27-09-2022 13:12:08.884 [java] [DEBUG] running - C:\Program Files\Java\jdk1.8.0_251\jre\bin\java.exe [-Dfile.encoding=UTF-8 com.thoughtworks.gauge.GaugeRuntime --start]
27-09-2022 13:12:08.884 [java] [DEBUG] stdout/stderr is logged to logs\14064-java.exe.out
27-09-2022 13:12:09.582 [java] [DEBUG] multithreading is set to false
27-09-2022 13:12:10.844 [java] [DEBUG] Using reflection to scan dependencies for gauge implementations...
27-09-2022 13:12:11.169 [java] [ERROR] SLF4J: Failed to load class "org.slf4j.impl.StaticLoggerBinder".
27-09-2022 13:12:11.169 [java] [ERROR] SLF4J: Defaulting to no-operation (NOP) logger implementation
27-09-2022 13:12:11.169 [java] [ERROR] SLF4J: See http://www.slf4j.org/codes.html#StaticLoggerBinder for further details.
27-09-2022 13:12:13.297 [java] [DEBUG] gauge-java took 3735milliseconds to load and scan. This should be less than 'runner_connection_timeout' config value.
27-09-2022 13:12:13.297 [java] [DEBUG] run 'gauge config runner_connection_timeout' and verify that it is < 3735
27-09-2022 13:12:13.297 [java] [DEBUG] starting gRPC server...
27-09-2022 13:12:14.396 [java] [DEBUG] started gRPC server on port 61810
27-09-2022 13:12:14.508 [Gauge] [DEBUG] Attempting to connect to grpc server at port: 61810
27-09-2022 13:12:15.311 [Gauge] [DEBUG] Successfully made the connection with runner with port: 61810
27-09-2022 13:12:15.311 [Gauge] [INFO] LangServer: reading on stdin, writing on stdout
27-09-2022 13:12:15.386 [Gauge] [DEBUG] Validation started.
27-09-2022 13:12:17.011 [java] [DEBUG] Scanning packages for steps
